[debug] [2020-10-31T04:13:32.392Z] ----------------------------------------------------------------------
[debug] [2020-10-31T04:13:32.396Z] Command:       C:\Program Files\nodejs\node.exe C:\Users\Jimit\AppData\Roaming\npm\node_modules\firebase-tools\lib\bin\firebase.js init
[debug] [2020-10-31T04:13:32.396Z] CLI Version:   8.14.1
[debug] [2020-10-31T04:13:32.396Z] Platform:      win32
[debug] [2020-10-31T04:13:32.397Z] Node Version:  v12.18.3
[debug] [2020-10-31T04:13:32.398Z] Time:          Sat Oct 31 2020 09:43:32 GMT+0530 (India Standard Time)
[debug] [2020-10-31T04:13:32.398Z] ----------------------------------------------------------------------
[debug] [2020-10-31T04:13:32.398Z] 
[debug] [2020-10-31T04:13:32.409Z] > command requires scopes: ["email","openid","https://www.googleapis.com/auth/cloudplatformprojects.readonly","https://www.googleapis.com/auth/firebase","https://www.googleapis.com/auth/cloud-platform"]
[debug] [2020-10-31T04:13:32.410Z] > authorizing via signed-in user
[info] 
     ######## #### ########  ######## ########     ###     ######  ########
     ##        ##  ##     ## ##       ##     ##  ##   ##  ##       ##
     ######    ##  ########  ######   ########  #########  ######  ######
     ##        ##  ##    ##  ##       ##     ## ##     ##       ## ##
     ##       #### ##     ## ######## ########  ##     ##  ######  ########

You're about to initialize a Firebase project in this directory:

  C:\Users\Jimit\React-Projects\react-responsive-animated-website

Before we get started, keep in mind:

  * You are initializing in an existing Firebase project directory

